<?xml version="1.0" encoding="UTF-8"?>
<!-- Generated by org.testng.reporters.JUnitReportReporter -->
<testsuite hostname="Debopam" failures="0" tests="1" name="day2.DiffWaysToCreatePostRequestBody" time="2.475" errors="0" timestamp="2024-03-20T13:21:06 IST" skipped="0">
  <testcase classname="day2.DiffWaysToCreatePostRequestBody" name="testPostusingExternalJsonFile" time="2.475"/>
  <system-out/>
</testsuite> <!-- day2.DiffWaysToCreatePostRequestBody -->
