<?xml version="1.0" encoding="UTF-8"?>
<!-- Generated by org.testng.reporters.JUnitReportReporter -->
<testsuite hostname="Debopam" failures="0" tests="1" name="day3.HeadersDemo" time="3.496" errors="0" timestamp="2024-04-08T13:30:03 IST" skipped="0">
  <testcase classname="day3.HeadersDemo" name="getHeaders" time="3.496"/>
  <system-out/>
</testsuite> <!-- day3.HeadersDemo -->
