<?xml version="1.0" encoding="UTF-8"?>
<!-- Generated by org.testng.reporters.JUnitReportReporter -->
<testsuite hostname="Debopam" failures="0" tests="1" name="day6.schemaValidation" time="3.298" errors="0" timestamp="2024-05-20T11:39:35 IST" skipped="0">
  <testcase classname="day6.schemaValidation" name="jsonschemavalidatin" time="3.298"/>
  <system-out/>
</testsuite> <!-- day6.schemaValidation -->
