<?xml version="1.0" encoding="UTF-8"?>
<!-- Generated by org.testng.reporters.JUnitReportReporter -->
<testsuite hostname="Debopam" failures="0" tests="1" name="day3.PathAndQueryParameters" time="2.513" errors="0" timestamp="2024-03-25T12:27:04 IST" skipped="0">
  <testcase classname="day3.PathAndQueryParameters" name="testQueryAndPathParameters" time="2.513"/>
  <system-out/>
</testsuite> <!-- day3.PathAndQueryParameters -->
