<?xml version="1.0" encoding="UTF-8"?>
<!-- Generated by org.testng.reporters.JUnitReportReporter -->
<testsuite hostname="Debopam" failures="0" tests="4" name="day1.HTTPRequests" time="6.815" errors="0" timestamp="2024-03-19T18:54:52 IST" skipped="0">
  <testcase classname="day1.HTTPRequests" name="getUsers" time="4.224"/>
  <system-out/>
  <testcase classname="day1.HTTPRequests" name="createUser" time="1.620"/>
  <system-out/>
  <testcase classname="day1.HTTPRequests" name="updateUser" time="0.501"/>
  <system-out/>
  <testcase classname="day1.HTTPRequests" name="deleteUser" time="0.470"/>
  <system-out/>
</testsuite> <!-- day1.HTTPRequests -->
