<?xml version="1.0" encoding="UTF-8"?>
<!-- Generated by org.testng.reporters.JUnitReportReporter -->
<testsuite hostname="Debopam" failures="0" tests="1" name="day3.LoggingDemo" time="2.128" errors="0" timestamp="2024-04-08T13:36:19 IST" skipped="0">
  <testcase classname="day3.LoggingDemo" name="testLogs" time="2.128"/>
  <system-out/>
</testsuite> <!-- day3.LoggingDemo -->
