<?xml version="1.0" encoding="UTF-8"?>
<!-- Generated by org.testng.reporters.JUnitReportReporter -->
<testsuite hostname="Debopam" failures="0" tests="1" name="day6.SerilizationDeserilization" time="0.734" errors="0" timestamp="2024-05-20T12:12:15 IST" skipped="0">
  <testcase classname="day6.SerilizationDeserilization" name="covertJson2Pojo" time="0.734"/>
  <system-out/>
</testsuite> <!-- day6.SerilizationDeserilization -->
