<?xml version="1.0" encoding="UTF-8"?>
<!-- Generated by org.testng.reporters.JUnitReportReporter -->
<testsuite hostname="Debopam" failures="0" tests="1" name="day4.ParsingJSONResponseData" time="6.041" errors="0" timestamp="2024-05-19T10:15:29 IST" skipped="0">
  <testcase classname="day4.ParsingJSONResponseData" name="testJSONResponseBodyData" time="6.041"/>
  <system-out/>
</testsuite> <!-- day4.ParsingJSONResponseData -->
